[Thu Nov 14 10:42:08 EST 2013] Server started.
2013-11-23 09:41:32,034 DEBUG m.j.c.k.d.s.DSpiresServer [Thread-2] Server started.
2013-11-23 09:41:34,369 DEBUG m.j.c.k.d.s.DSpiresServer [Thread-2] Connected: /127.0.0.1
2013-11-23 09:41:39,935 DEBUG m.j.c.k.d.s.DSpiresSocket [Thread-87] Logged in: NightBlade (/127.0.0.1)
2013-11-23 09:51:34,762 DEBUG m.j.c.k.d.s.DSpiresSocket [Thread-87] Disonnected: NightBlade (/127.0.0.1) {java.net.SocketException: Connection reset}
2013-11-23 09:51:57,601 DEBUG m.j.c.k.d.s.DSpiresServer [Thread-2] Server started.
2013-11-23 09:52:02,691 DEBUG m.j.c.k.d.s.DSpiresServer [Thread-2] Connected: /127.0.0.1
2013-11-23 09:52:02,769 ERROR m.j.c.k.d.s.DSpiresSocket [Thread-87] error
javax.net.ssl.SSLException: Connection has been shutdown: javax.net.ssl.SSLHandshakeException: no cipher suites in common
	at sun.security.ssl.SSLSocketImpl.checkEOF(SSLSocketImpl.java:1476) ~[?:1.7.0_45]
	at sun.security.ssl.AppInputStream.read(AppInputStream.java:92) ~[?:1.7.0_45]
	at sun.nio.cs.StreamDecoder.readBytes(StreamDecoder.java:283) ~[?:1.7.0_45]
	at sun.nio.cs.StreamDecoder.implRead(StreamDecoder.java:325) ~[?:1.7.0_45]
	at sun.nio.cs.StreamDecoder.read(StreamDecoder.java:177) ~[?:1.7.0_45]
	at java.io.InputStreamReader.read(InputStreamReader.java:184) ~[?:1.7.0_45]
	at java.io.BufferedReader.fill(BufferedReader.java:154) ~[?:1.7.0_45]
	at java.io.BufferedReader.readLine(BufferedReader.java:317) ~[?:1.7.0_45]
	at java.io.BufferedReader.readLine(BufferedReader.java:382) ~[?:1.7.0_45]
	at main.java.com.kyleswebspace.dragonspires.server.DSpiresSocket.preLoginLoop(DSpiresSocket.java:231) [classes/:?]
	at main.java.com.kyleswebspace.dragonspires.server.DSpiresSocket.run(DSpiresSocket.java:129) [classes/:?]
Caused by: javax.net.ssl.SSLHandshakeException: no cipher suites in common
	at sun.security.ssl.Alerts.getSSLException(Alerts.java:192) ~[?:1.7.0_45]
	at sun.security.ssl.SSLSocketImpl.fatal(SSLSocketImpl.java:1884) ~[?:1.7.0_45]
	at sun.security.ssl.Handshaker.fatalSE(Handshaker.java:276) ~[?:1.7.0_45]
	at sun.security.ssl.Handshaker.fatalSE(Handshaker.java:266) ~[?:1.7.0_45]
	at sun.security.ssl.ServerHandshaker.chooseCipherSuite(ServerHandshaker.java:894) ~[?:1.7.0_45]
	at sun.security.ssl.ServerHandshaker.clientHello(ServerHandshaker.java:622) ~[?:1.7.0_45]
	at sun.security.ssl.ServerHandshaker.processMessage(ServerHandshaker.java:167) ~[?:1.7.0_45]
	at sun.security.ssl.Handshaker.processLoop(Handshaker.java:868) ~[?:1.7.0_45]
	at sun.security.ssl.Handshaker.process_record(Handshaker.java:804) ~[?:1.7.0_45]
	at sun.security.ssl.SSLSocketImpl.readRecord(SSLSocketImpl.java:1016) ~[?:1.7.0_45]
	at sun.security.ssl.SSLSocketImpl.performInitialHandshake(SSLSocketImpl.java:1312) ~[?:1.7.0_45]
	at sun.security.ssl.SSLSocketImpl.writeRecord(SSLSocketImpl.java:702) ~[?:1.7.0_45]
	at sun.security.ssl.AppOutputStream.write(AppOutputStream.java:122) ~[?:1.7.0_45]
	at sun.nio.cs.StreamEncoder.writeBytes(StreamEncoder.java:221) ~[?:1.7.0_45]
	at sun.nio.cs.StreamEncoder.implFlushBuffer(StreamEncoder.java:291) ~[?:1.7.0_45]
	at sun.nio.cs.StreamEncoder.implFlush(StreamEncoder.java:295) ~[?:1.7.0_45]
	at sun.nio.cs.StreamEncoder.flush(StreamEncoder.java:141) ~[?:1.7.0_45]
	at java.io.OutputStreamWriter.flush(OutputStreamWriter.java:229) ~[?:1.7.0_45]
	at java.io.BufferedWriter.flush(BufferedWriter.java:254) ~[?:1.7.0_45]
	at java.io.PrintWriter.newLine(PrintWriter.java:482) ~[?:1.7.0_45]
	at java.io.PrintWriter.println(PrintWriter.java:629) ~[?:1.7.0_45]
	at java.io.PrintWriter.println(PrintWriter.java:740) ~[?:1.7.0_45]
	at main.java.com.kyleswebspace.dragonspires.server.DSpiresSocket.pSend(DSpiresSocket.java:216) ~[classes/:?]
	at main.java.com.kyleswebspace.dragonspires.server.DSpiresSocket.startUp(DSpiresSocket.java:207) ~[classes/:?]
	at main.java.com.kyleswebspace.dragonspires.server.DSpiresSocket.run(DSpiresSocket.java:128) ~[classes/:?]
2013-11-23 09:52:02,775 DEBUG m.j.c.k.d.s.DSpiresSocket [Thread-87] Disonnected:  (/127.0.0.1) {ConnectionReset?}
2013-11-23 09:56:20,434 DEBUG m.j.c.k.d.s.DSpiresServer [Thread-2] Server started.
2013-11-23 09:56:34,541 DEBUG m.j.c.k.d.s.DSpiresServer [Thread-2] Server started.
2013-11-23 09:56:38,379 DEBUG m.j.c.k.d.s.DSpiresServer [Thread-2] Connected: /127.0.0.1
2013-11-23 09:56:38,455 ERROR m.j.c.k.d.s.DSpiresSocket [Thread-87] error
javax.net.ssl.SSLException: Connection has been shutdown: javax.net.ssl.SSLHandshakeException: no cipher suites in common
	at sun.security.ssl.SSLSocketImpl.checkEOF(SSLSocketImpl.java:1476) ~[?:1.7.0_45]
	at sun.security.ssl.AppInputStream.read(AppInputStream.java:92) ~[?:1.7.0_45]
	at sun.nio.cs.StreamDecoder.readBytes(StreamDecoder.java:283) ~[?:1.7.0_45]
	at sun.nio.cs.StreamDecoder.implRead(StreamDecoder.java:325) ~[?:1.7.0_45]
	at sun.nio.cs.StreamDecoder.read(StreamDecoder.java:177) ~[?:1.7.0_45]
	at java.io.InputStreamReader.read(InputStreamReader.java:184) ~[?:1.7.0_45]
	at java.io.BufferedReader.fill(BufferedReader.java:154) ~[?:1.7.0_45]
	at java.io.BufferedReader.readLine(BufferedReader.java:317) ~[?:1.7.0_45]
	at java.io.BufferedReader.readLine(BufferedReader.java:382) ~[?:1.7.0_45]
	at main.java.com.kyleswebspace.dragonspires.server.DSpiresSocket.preLoginLoop(DSpiresSocket.java:231) [classes/:?]
	at main.java.com.kyleswebspace.dragonspires.server.DSpiresSocket.run(DSpiresSocket.java:129) [classes/:?]
Caused by: javax.net.ssl.SSLHandshakeException: no cipher suites in common
	at sun.security.ssl.Alerts.getSSLException(Alerts.java:192) ~[?:1.7.0_45]
	at sun.security.ssl.SSLSocketImpl.fatal(SSLSocketImpl.java:1884) ~[?:1.7.0_45]
	at sun.security.ssl.Handshaker.fatalSE(Handshaker.java:276) ~[?:1.7.0_45]
	at sun.security.ssl.Handshaker.fatalSE(Handshaker.java:266) ~[?:1.7.0_45]
	at sun.security.ssl.ServerHandshaker.chooseCipherSuite(ServerHandshaker.java:894) ~[?:1.7.0_45]
	at sun.security.ssl.ServerHandshaker.clientHello(ServerHandshaker.java:622) ~[?:1.7.0_45]
	at sun.security.ssl.ServerHandshaker.processMessage(ServerHandshaker.java:167) ~[?:1.7.0_45]
	at sun.security.ssl.Handshaker.processLoop(Handshaker.java:868) ~[?:1.7.0_45]
	at sun.security.ssl.Handshaker.process_record(Handshaker.java:804) ~[?:1.7.0_45]
	at sun.security.ssl.SSLSocketImpl.readRecord(SSLSocketImpl.java:1016) ~[?:1.7.0_45]
	at sun.security.ssl.SSLSocketImpl.performInitialHandshake(SSLSocketImpl.java:1312) ~[?:1.7.0_45]
	at sun.security.ssl.SSLSocketImpl.writeRecord(SSLSocketImpl.java:702) ~[?:1.7.0_45]
	at sun.security.ssl.AppOutputStream.write(AppOutputStream.java:122) ~[?:1.7.0_45]
	at sun.nio.cs.StreamEncoder.writeBytes(StreamEncoder.java:221) ~[?:1.7.0_45]
	at sun.nio.cs.StreamEncoder.implFlushBuffer(StreamEncoder.java:291) ~[?:1.7.0_45]
	at sun.nio.cs.StreamEncoder.implFlush(StreamEncoder.java:295) ~[?:1.7.0_45]
	at sun.nio.cs.StreamEncoder.flush(StreamEncoder.java:141) ~[?:1.7.0_45]
	at java.io.OutputStreamWriter.flush(OutputStreamWriter.java:229) ~[?:1.7.0_45]
	at java.io.BufferedWriter.flush(BufferedWriter.java:254) ~[?:1.7.0_45]
	at java.io.PrintWriter.newLine(PrintWriter.java:482) ~[?:1.7.0_45]
	at java.io.PrintWriter.println(PrintWriter.java:629) ~[?:1.7.0_45]
	at java.io.PrintWriter.println(PrintWriter.java:740) ~[?:1.7.0_45]
	at main.java.com.kyleswebspace.dragonspires.server.DSpiresSocket.pSend(DSpiresSocket.java:216) ~[classes/:?]
	at main.java.com.kyleswebspace.dragonspires.server.DSpiresSocket.startUp(DSpiresSocket.java:207) ~[classes/:?]
	at main.java.com.kyleswebspace.dragonspires.server.DSpiresSocket.run(DSpiresSocket.java:128) ~[classes/:?]
2013-11-23 09:56:38,463 DEBUG m.j.c.k.d.s.DSpiresSocket [Thread-87] Disonnected:  (/127.0.0.1) {ConnectionReset?}
2013-11-23 09:57:39,788 DEBUG m.j.c.k.d.s.DSpiresServer [Thread-2] Server started.
2013-11-23 10:04:57,565 DEBUG m.j.c.k.d.s.DSpiresServer [Thread-2] Server started.
2013-11-23 10:05:15,228 DEBUG m.j.c.k.d.s.DSpiresServer [Thread-2] Connected: /127.0.0.1
2013-11-23 10:05:15,293 ERROR m.j.c.k.d.s.DSpiresSocket [Thread-87] error
javax.net.ssl.SSLException: Connection has been shutdown: javax.net.ssl.SSLHandshakeException: no cipher suites in common
	at sun.security.ssl.SSLSocketImpl.checkEOF(SSLSocketImpl.java:1476) ~[?:1.7.0_45]
	at sun.security.ssl.AppInputStream.read(AppInputStream.java:92) ~[?:1.7.0_45]
	at sun.nio.cs.StreamDecoder.readBytes(StreamDecoder.java:283) ~[?:1.7.0_45]
	at sun.nio.cs.StreamDecoder.implRead(StreamDecoder.java:325) ~[?:1.7.0_45]
	at sun.nio.cs.StreamDecoder.read(StreamDecoder.java:177) ~[?:1.7.0_45]
	at java.io.InputStreamReader.read(InputStreamReader.java:184) ~[?:1.7.0_45]
	at java.io.BufferedReader.fill(BufferedReader.java:154) ~[?:1.7.0_45]
	at java.io.BufferedReader.readLine(BufferedReader.java:317) ~[?:1.7.0_45]
	at java.io.BufferedReader.readLine(BufferedReader.java:382) ~[?:1.7.0_45]
	at main.java.com.kyleswebspace.dragonspires.server.DSpiresSocket.preLoginLoop(DSpiresSocket.java:231) [classes/:?]
	at main.java.com.kyleswebspace.dragonspires.server.DSpiresSocket.run(DSpiresSocket.java:129) [classes/:?]
Caused by: javax.net.ssl.SSLHandshakeException: no cipher suites in common
	at sun.security.ssl.Alerts.getSSLException(Alerts.java:192) ~[?:1.7.0_45]
	at sun.security.ssl.SSLSocketImpl.fatal(SSLSocketImpl.java:1884) ~[?:1.7.0_45]
	at sun.security.ssl.Handshaker.fatalSE(Handshaker.java:276) ~[?:1.7.0_45]
	at sun.security.ssl.Handshaker.fatalSE(Handshaker.java:266) ~[?:1.7.0_45]
	at sun.security.ssl.ServerHandshaker.chooseCipherSuite(ServerHandshaker.java:894) ~[?:1.7.0_45]
	at sun.security.ssl.ServerHandshaker.clientHello(ServerHandshaker.java:622) ~[?:1.7.0_45]
	at sun.security.ssl.ServerHandshaker.processMessage(ServerHandshaker.java:167) ~[?:1.7.0_45]
	at sun.security.ssl.Handshaker.processLoop(Handshaker.java:868) ~[?:1.7.0_45]
	at sun.security.ssl.Handshaker.process_record(Handshaker.java:804) ~[?:1.7.0_45]
	at sun.security.ssl.SSLSocketImpl.readRecord(SSLSocketImpl.java:1016) ~[?:1.7.0_45]
	at sun.security.ssl.SSLSocketImpl.performInitialHandshake(SSLSocketImpl.java:1312) ~[?:1.7.0_45]
	at sun.security.ssl.SSLSocketImpl.writeRecord(SSLSocketImpl.java:702) ~[?:1.7.0_45]
	at sun.security.ssl.AppOutputStream.write(AppOutputStream.java:122) ~[?:1.7.0_45]
	at sun.nio.cs.StreamEncoder.writeBytes(StreamEncoder.java:221) ~[?:1.7.0_45]
	at sun.nio.cs.StreamEncoder.implFlushBuffer(StreamEncoder.java:291) ~[?:1.7.0_45]
	at sun.nio.cs.StreamEncoder.implFlush(StreamEncoder.java:295) ~[?:1.7.0_45]
	at sun.nio.cs.StreamEncoder.flush(StreamEncoder.java:141) ~[?:1.7.0_45]
	at java.io.OutputStreamWriter.flush(OutputStreamWriter.java:229) ~[?:1.7.0_45]
	at java.io.BufferedWriter.flush(BufferedWriter.java:254) ~[?:1.7.0_45]
	at java.io.PrintWriter.newLine(PrintWriter.java:482) ~[?:1.7.0_45]
	at java.io.PrintWriter.println(PrintWriter.java:629) ~[?:1.7.0_45]
	at java.io.PrintWriter.println(PrintWriter.java:740) ~[?:1.7.0_45]
	at main.java.com.kyleswebspace.dragonspires.server.DSpiresSocket.pSend(DSpiresSocket.java:216) ~[classes/:?]
	at main.java.com.kyleswebspace.dragonspires.server.DSpiresSocket.startUp(DSpiresSocket.java:207) ~[classes/:?]
	at main.java.com.kyleswebspace.dragonspires.server.DSpiresSocket.run(DSpiresSocket.java:128) ~[classes/:?]
2013-11-23 10:05:15,299 DEBUG m.j.c.k.d.s.DSpiresSocket [Thread-87] Disonnected:  (/127.0.0.1) {ConnectionReset?}
2013-11-23 10:07:37,938 DEBUG m.j.c.k.d.s.DSpiresServer [Thread-2] Server started.
2013-11-23 10:07:42,015 DEBUG m.j.c.k.d.s.DSpiresServer [Thread-2] Connected: /127.0.0.1
2013-11-23 10:07:42,075 ERROR m.j.c.k.d.s.DSpiresSocket [Thread-87] error
javax.net.ssl.SSLException: Connection has been shutdown: javax.net.ssl.SSLHandshakeException: no cipher suites in common
	at sun.security.ssl.SSLSocketImpl.checkEOF(SSLSocketImpl.java:1476) ~[?:1.7.0_45]
	at sun.security.ssl.AppInputStream.read(AppInputStream.java:92) ~[?:1.7.0_45]
	at sun.nio.cs.StreamDecoder.readBytes(StreamDecoder.java:283) ~[?:1.7.0_45]
	at sun.nio.cs.StreamDecoder.implRead(StreamDecoder.java:325) ~[?:1.7.0_45]
	at sun.nio.cs.StreamDecoder.read(StreamDecoder.java:177) ~[?:1.7.0_45]
	at java.io.InputStreamReader.read(InputStreamReader.java:184) ~[?:1.7.0_45]
	at java.io.BufferedReader.fill(BufferedReader.java:154) ~[?:1.7.0_45]
	at java.io.BufferedReader.readLine(BufferedReader.java:317) ~[?:1.7.0_45]
	at java.io.BufferedReader.readLine(BufferedReader.java:382) ~[?:1.7.0_45]
	at main.java.com.kyleswebspace.dragonspires.server.DSpiresSocket.preLoginLoop(DSpiresSocket.java:231) [classes/:?]
	at main.java.com.kyleswebspace.dragonspires.server.DSpiresSocket.run(DSpiresSocket.java:129) [classes/:?]
Caused by: javax.net.ssl.SSLHandshakeException: no cipher suites in common
	at sun.security.ssl.Alerts.getSSLException(Alerts.java:192) ~[?:1.7.0_45]
	at sun.security.ssl.SSLSocketImpl.fatal(SSLSocketImpl.java:1884) ~[?:1.7.0_45]
	at sun.security.ssl.Handshaker.fatalSE(Handshaker.java:276) ~[?:1.7.0_45]
	at sun.security.ssl.Handshaker.fatalSE(Handshaker.java:266) ~[?:1.7.0_45]
	at sun.security.ssl.ServerHandshaker.chooseCipherSuite(ServerHandshaker.java:894) ~[?:1.7.0_45]
	at sun.security.ssl.ServerHandshaker.clientHello(ServerHandshaker.java:622) ~[?:1.7.0_45]
	at sun.security.ssl.ServerHandshaker.processMessage(ServerHandshaker.java:167) ~[?:1.7.0_45]
	at sun.security.ssl.Handshaker.processLoop(Handshaker.java:868) ~[?:1.7.0_45]
	at sun.security.ssl.Handshaker.process_record(Handshaker.java:804) ~[?:1.7.0_45]
	at sun.security.ssl.SSLSocketImpl.readRecord(SSLSocketImpl.java:1016) ~[?:1.7.0_45]
	at sun.security.ssl.SSLSocketImpl.performInitialHandshake(SSLSocketImpl.java:1312) ~[?:1.7.0_45]
	at sun.security.ssl.SSLSocketImpl.writeRecord(SSLSocketImpl.java:702) ~[?:1.7.0_45]
	at sun.security.ssl.AppOutputStream.write(AppOutputStream.java:122) ~[?:1.7.0_45]
	at sun.nio.cs.StreamEncoder.writeBytes(StreamEncoder.java:221) ~[?:1.7.0_45]
	at sun.nio.cs.StreamEncoder.implFlushBuffer(StreamEncoder.java:291) ~[?:1.7.0_45]
	at sun.nio.cs.StreamEncoder.implFlush(StreamEncoder.java:295) ~[?:1.7.0_45]
	at sun.nio.cs.StreamEncoder.flush(StreamEncoder.java:141) ~[?:1.7.0_45]
	at java.io.OutputStreamWriter.flush(OutputStreamWriter.java:229) ~[?:1.7.0_45]
	at java.io.BufferedWriter.flush(BufferedWriter.java:254) ~[?:1.7.0_45]
	at java.io.PrintWriter.newLine(PrintWriter.java:482) ~[?:1.7.0_45]
	at java.io.PrintWriter.println(PrintWriter.java:629) ~[?:1.7.0_45]
	at java.io.PrintWriter.println(PrintWriter.java:740) ~[?:1.7.0_45]
	at main.java.com.kyleswebspace.dragonspires.server.DSpiresSocket.pSend(DSpiresSocket.java:216) ~[classes/:?]
	at main.java.com.kyleswebspace.dragonspires.server.DSpiresSocket.startUp(DSpiresSocket.java:207) ~[classes/:?]
	at main.java.com.kyleswebspace.dragonspires.server.DSpiresSocket.run(DSpiresSocket.java:128) ~[classes/:?]
2013-11-23 10:07:42,081 DEBUG m.j.c.k.d.s.DSpiresSocket [Thread-87] Disonnected:  (/127.0.0.1) {ConnectionReset?}
2013-11-23 10:10:25,642 DEBUG m.j.c.k.d.s.DSpiresServer [Thread-2] Server started.
2013-11-23 10:10:26,865 DEBUG m.j.c.k.d.s.DSpiresServer [Thread-2] Connected: /127.0.0.1
2013-11-23 10:10:26,922 ERROR m.j.c.k.d.s.DSpiresSocket [Thread-87] error
javax.net.ssl.SSLException: Connection has been shutdown: javax.net.ssl.SSLHandshakeException: no cipher suites in common
	at sun.security.ssl.SSLSocketImpl.checkEOF(SSLSocketImpl.java:1476) ~[?:1.7.0_45]
	at sun.security.ssl.AppInputStream.read(AppInputStream.java:92) ~[?:1.7.0_45]
	at sun.nio.cs.StreamDecoder.readBytes(StreamDecoder.java:283) ~[?:1.7.0_45]
	at sun.nio.cs.StreamDecoder.implRead(StreamDecoder.java:325) ~[?:1.7.0_45]
	at sun.nio.cs.StreamDecoder.read(StreamDecoder.java:177) ~[?:1.7.0_45]
	at java.io.InputStreamReader.read(InputStreamReader.java:184) ~[?:1.7.0_45]
	at java.io.BufferedReader.fill(BufferedReader.java:154) ~[?:1.7.0_45]
	at java.io.BufferedReader.readLine(BufferedReader.java:317) ~[?:1.7.0_45]
	at java.io.BufferedReader.readLine(BufferedReader.java:382) ~[?:1.7.0_45]
	at main.java.com.kyleswebspace.dragonspires.server.DSpiresSocket.preLoginLoop(DSpiresSocket.java:231) [classes/:?]
	at main.java.com.kyleswebspace.dragonspires.server.DSpiresSocket.run(DSpiresSocket.java:129) [classes/:?]
Caused by: javax.net.ssl.SSLHandshakeException: no cipher suites in common
	at sun.security.ssl.Alerts.getSSLException(Alerts.java:192) ~[?:1.7.0_45]
	at sun.security.ssl.SSLSocketImpl.fatal(SSLSocketImpl.java:1884) ~[?:1.7.0_45]
	at sun.security.ssl.Handshaker.fatalSE(Handshaker.java:276) ~[?:1.7.0_45]
	at sun.security.ssl.Handshaker.fatalSE(Handshaker.java:266) ~[?:1.7.0_45]
	at sun.security.ssl.ServerHandshaker.chooseCipherSuite(ServerHandshaker.java:894) ~[?:1.7.0_45]
	at sun.security.ssl.ServerHandshaker.clientHello(ServerHandshaker.java:622) ~[?:1.7.0_45]
	at sun.security.ssl.ServerHandshaker.processMessage(ServerHandshaker.java:167) ~[?:1.7.0_45]
	at sun.security.ssl.Handshaker.processLoop(Handshaker.java:868) ~[?:1.7.0_45]
	at sun.security.ssl.Handshaker.process_record(Handshaker.java:804) ~[?:1.7.0_45]
	at sun.security.ssl.SSLSocketImpl.readRecord(SSLSocketImpl.java:1016) ~[?:1.7.0_45]
	at sun.security.ssl.SSLSocketImpl.performInitialHandshake(SSLSocketImpl.java:1312) ~[?:1.7.0_45]
	at sun.security.ssl.SSLSocketImpl.writeRecord(SSLSocketImpl.java:702) ~[?:1.7.0_45]
	at sun.security.ssl.AppOutputStream.write(AppOutputStream.java:122) ~[?:1.7.0_45]
	at sun.nio.cs.StreamEncoder.writeBytes(StreamEncoder.java:221) ~[?:1.7.0_45]
	at sun.nio.cs.StreamEncoder.implFlushBuffer(StreamEncoder.java:291) ~[?:1.7.0_45]
	at sun.nio.cs.StreamEncoder.implFlush(StreamEncoder.java:295) ~[?:1.7.0_45]
	at sun.nio.cs.StreamEncoder.flush(StreamEncoder.java:141) ~[?:1.7.0_45]
	at java.io.OutputStreamWriter.flush(OutputStreamWriter.java:229) ~[?:1.7.0_45]
	at java.io.BufferedWriter.flush(BufferedWriter.java:254) ~[?:1.7.0_45]
	at java.io.PrintWriter.newLine(PrintWriter.java:482) ~[?:1.7.0_45]
	at java.io.PrintWriter.println(PrintWriter.java:629) ~[?:1.7.0_45]
	at java.io.PrintWriter.println(PrintWriter.java:740) ~[?:1.7.0_45]
	at main.java.com.kyleswebspace.dragonspires.server.DSpiresSocket.pSend(DSpiresSocket.java:216) ~[classes/:?]
	at main.java.com.kyleswebspace.dragonspires.server.DSpiresSocket.startUp(DSpiresSocket.java:207) ~[classes/:?]
	at main.java.com.kyleswebspace.dragonspires.server.DSpiresSocket.run(DSpiresSocket.java:128) ~[classes/:?]
2013-11-23 10:10:26,929 DEBUG m.j.c.k.d.s.DSpiresSocket [Thread-87] Disonnected:  (/127.0.0.1) {ConnectionReset?}
2013-11-23 10:14:17,223 DEBUG m.j.c.k.d.s.DSpiresServer [Thread-2] Server started.
2013-11-23 10:14:21,704 DEBUG m.j.c.k.d.s.DSpiresServer [Thread-2] Connected: /127.0.0.1
2013-11-23 10:14:21,768 ERROR m.j.c.k.d.s.DSpiresSocket [Thread-87] error
javax.net.ssl.SSLException: Connection has been shutdown: javax.net.ssl.SSLHandshakeException: no cipher suites in common
	at sun.security.ssl.SSLSocketImpl.checkEOF(SSLSocketImpl.java:1476) ~[?:1.7.0_45]
	at sun.security.ssl.AppInputStream.read(AppInputStream.java:92) ~[?:1.7.0_45]
	at sun.nio.cs.StreamDecoder.readBytes(StreamDecoder.java:283) ~[?:1.7.0_45]
	at sun.nio.cs.StreamDecoder.implRead(StreamDecoder.java:325) ~[?:1.7.0_45]
	at sun.nio.cs.StreamDecoder.read(StreamDecoder.java:177) ~[?:1.7.0_45]
	at java.io.InputStreamReader.read(InputStreamReader.java:184) ~[?:1.7.0_45]
	at java.io.BufferedReader.fill(BufferedReader.java:154) ~[?:1.7.0_45]
	at java.io.BufferedReader.readLine(BufferedReader.java:317) ~[?:1.7.0_45]
	at java.io.BufferedReader.readLine(BufferedReader.java:382) ~[?:1.7.0_45]
	at main.java.com.kyleswebspace.dragonspires.server.DSpiresSocket.preLoginLoop(DSpiresSocket.java:231) [classes/:?]
	at main.java.com.kyleswebspace.dragonspires.server.DSpiresSocket.run(DSpiresSocket.java:129) [classes/:?]
Caused by: javax.net.ssl.SSLHandshakeException: no cipher suites in common
	at sun.security.ssl.Alerts.getSSLException(Alerts.java:192) ~[?:1.7.0_45]
	at sun.security.ssl.SSLSocketImpl.fatal(SSLSocketImpl.java:1884) ~[?:1.7.0_45]
	at sun.security.ssl.Handshaker.fatalSE(Handshaker.java:276) ~[?:1.7.0_45]
	at sun.security.ssl.Handshaker.fatalSE(Handshaker.java:266) ~[?:1.7.0_45]
	at sun.security.ssl.ServerHandshaker.chooseCipherSuite(ServerHandshaker.java:894) ~[?:1.7.0_45]
	at sun.security.ssl.ServerHandshaker.clientHello(ServerHandshaker.java:622) ~[?:1.7.0_45]
	at sun.security.ssl.ServerHandshaker.processMessage(ServerHandshaker.java:167) ~[?:1.7.0_45]
	at sun.security.ssl.Handshaker.processLoop(Handshaker.java:868) ~[?:1.7.0_45]
	at sun.security.ssl.Handshaker.process_record(Handshaker.java:804) ~[?:1.7.0_45]
	at sun.security.ssl.SSLSocketImpl.readRecord(SSLSocketImpl.java:1016) ~[?:1.7.0_45]
	at sun.security.ssl.SSLSocketImpl.performInitialHandshake(SSLSocketImpl.java:1312) ~[?:1.7.0_45]
	at sun.security.ssl.SSLSocketImpl.writeRecord(SSLSocketImpl.java:702) ~[?:1.7.0_45]
	at sun.security.ssl.AppOutputStream.write(AppOutputStream.java:122) ~[?:1.7.0_45]
	at sun.nio.cs.StreamEncoder.writeBytes(StreamEncoder.java:221) ~[?:1.7.0_45]
	at sun.nio.cs.StreamEncoder.implFlushBuffer(StreamEncoder.java:291) ~[?:1.7.0_45]
	at sun.nio.cs.StreamEncoder.implFlush(StreamEncoder.java:295) ~[?:1.7.0_45]
	at sun.nio.cs.StreamEncoder.flush(StreamEncoder.java:141) ~[?:1.7.0_45]
	at java.io.OutputStreamWriter.flush(OutputStreamWriter.java:229) ~[?:1.7.0_45]
	at java.io.BufferedWriter.flush(BufferedWriter.java:254) ~[?:1.7.0_45]
	at java.io.PrintWriter.newLine(PrintWriter.java:482) ~[?:1.7.0_45]
	at java.io.PrintWriter.println(PrintWriter.java:629) ~[?:1.7.0_45]
	at java.io.PrintWriter.println(PrintWriter.java:740) ~[?:1.7.0_45]
	at main.java.com.kyleswebspace.dragonspires.server.DSpiresSocket.pSend(DSpiresSocket.java:216) ~[classes/:?]
	at main.java.com.kyleswebspace.dragonspires.server.DSpiresSocket.startUp(DSpiresSocket.java:207) ~[classes/:?]
	at main.java.com.kyleswebspace.dragonspires.server.DSpiresSocket.run(DSpiresSocket.java:128) ~[classes/:?]
2013-11-23 10:14:21,774 DEBUG m.j.c.k.d.s.DSpiresSocket [Thread-87] Disonnected:  (/127.0.0.1) {ConnectionReset?}
2013-11-23 10:16:21,610 DEBUG m.j.c.k.d.s.DSpiresServer [Thread-2] Server started.
2013-11-23 10:22:03,953 DEBUG m.j.c.k.d.s.DSpiresServer [Thread-2] Server started.
2013-11-23 10:22:20,949 DEBUG m.j.c.k.d.s.DSpiresServer [Thread-2] Connected: /127.0.0.1
2013-11-23 10:22:21,009 ERROR m.j.c.k.d.s.DSpiresSocket [Thread-87] error
javax.net.ssl.SSLException: Connection has been shutdown: javax.net.ssl.SSLHandshakeException: no cipher suites in common
	at sun.security.ssl.SSLSocketImpl.checkEOF(SSLSocketImpl.java:1476) ~[?:1.7.0_45]
	at sun.security.ssl.AppInputStream.read(AppInputStream.java:92) ~[?:1.7.0_45]
	at sun.nio.cs.StreamDecoder.readBytes(StreamDecoder.java:283) ~[?:1.7.0_45]
	at sun.nio.cs.StreamDecoder.implRead(StreamDecoder.java:325) ~[?:1.7.0_45]
	at sun.nio.cs.StreamDecoder.read(StreamDecoder.java:177) ~[?:1.7.0_45]
	at java.io.InputStreamReader.read(InputStreamReader.java:184) ~[?:1.7.0_45]
	at java.io.BufferedReader.fill(BufferedReader.java:154) ~[?:1.7.0_45]
	at java.io.BufferedReader.readLine(BufferedReader.java:317) ~[?:1.7.0_45]
	at java.io.BufferedReader.readLine(BufferedReader.java:382) ~[?:1.7.0_45]
	at main.java.com.kyleswebspace.dragonspires.server.DSpiresSocket.preLoginLoop(DSpiresSocket.java:231) [classes/:?]
	at main.java.com.kyleswebspace.dragonspires.server.DSpiresSocket.run(DSpiresSocket.java:129) [classes/:?]
Caused by: javax.net.ssl.SSLHandshakeException: no cipher suites in common
	at sun.security.ssl.Alerts.getSSLException(Alerts.java:192) ~[?:1.7.0_45]
	at sun.security.ssl.SSLSocketImpl.fatal(SSLSocketImpl.java:1884) ~[?:1.7.0_45]
	at sun.security.ssl.Handshaker.fatalSE(Handshaker.java:276) ~[?:1.7.0_45]
	at sun.security.ssl.Handshaker.fatalSE(Handshaker.java:266) ~[?:1.7.0_45]
	at sun.security.ssl.ServerHandshaker.chooseCipherSuite(ServerHandshaker.java:894) ~[?:1.7.0_45]
	at sun.security.ssl.ServerHandshaker.clientHello(ServerHandshaker.java:622) ~[?:1.7.0_45]
	at sun.security.ssl.ServerHandshaker.processMessage(ServerHandshaker.java:167) ~[?:1.7.0_45]
	at sun.security.ssl.Handshaker.processLoop(Handshaker.java:868) ~[?:1.7.0_45]
	at sun.security.ssl.Handshaker.process_record(Handshaker.java:804) ~[?:1.7.0_45]
	at sun.security.ssl.SSLSocketImpl.readRecord(SSLSocketImpl.java:1016) ~[?:1.7.0_45]
	at sun.security.ssl.SSLSocketImpl.performInitialHandshake(SSLSocketImpl.java:1312) ~[?:1.7.0_45]
	at sun.security.ssl.SSLSocketImpl.writeRecord(SSLSocketImpl.java:702) ~[?:1.7.0_45]
	at sun.security.ssl.AppOutputStream.write(AppOutputStream.java:122) ~[?:1.7.0_45]
	at sun.nio.cs.StreamEncoder.writeBytes(StreamEncoder.java:221) ~[?:1.7.0_45]
	at sun.nio.cs.StreamEncoder.implFlushBuffer(StreamEncoder.java:291) ~[?:1.7.0_45]
	at sun.nio.cs.StreamEncoder.implFlush(StreamEncoder.java:295) ~[?:1.7.0_45]
	at sun.nio.cs.StreamEncoder.flush(StreamEncoder.java:141) ~[?:1.7.0_45]
	at java.io.OutputStreamWriter.flush(OutputStreamWriter.java:229) ~[?:1.7.0_45]
	at java.io.BufferedWriter.flush(BufferedWriter.java:254) ~[?:1.7.0_45]
	at java.io.PrintWriter.newLine(PrintWriter.java:482) ~[?:1.7.0_45]
	at java.io.PrintWriter.println(PrintWriter.java:629) ~[?:1.7.0_45]
	at java.io.PrintWriter.println(PrintWriter.java:740) ~[?:1.7.0_45]
	at main.java.com.kyleswebspace.dragonspires.server.DSpiresSocket.pSend(DSpiresSocket.java:216) ~[classes/:?]
	at main.java.com.kyleswebspace.dragonspires.server.DSpiresSocket.startUp(DSpiresSocket.java:207) ~[classes/:?]
	at main.java.com.kyleswebspace.dragonspires.server.DSpiresSocket.run(DSpiresSocket.java:128) ~[classes/:?]
2013-11-23 10:22:21,016 DEBUG m.j.c.k.d.s.DSpiresSocket [Thread-87] Disonnected:  (/127.0.0.1) {ConnectionReset?}
2013-11-23 10:28:04,996 DEBUG m.j.c.k.d.s.DSpiresServer [Thread-2] Server started.
2013-11-23 10:28:08,341 DEBUG m.j.c.k.d.s.DSpiresServer [Thread-2] Connected: /127.0.0.1
2013-11-23 10:28:08,403 ERROR m.j.c.k.d.s.DSpiresSocket [Thread-87] error
javax.net.ssl.SSLException: Connection has been shutdown: javax.net.ssl.SSLHandshakeException: no cipher suites in common
	at sun.security.ssl.SSLSocketImpl.checkEOF(SSLSocketImpl.java:1476) ~[?:1.7.0_45]
	at sun.security.ssl.AppInputStream.read(AppInputStream.java:92) ~[?:1.7.0_45]
	at sun.nio.cs.StreamDecoder.readBytes(StreamDecoder.java:283) ~[?:1.7.0_45]
	at sun.nio.cs.StreamDecoder.implRead(StreamDecoder.java:325) ~[?:1.7.0_45]
	at sun.nio.cs.StreamDecoder.read(StreamDecoder.java:177) ~[?:1.7.0_45]
	at java.io.InputStreamReader.read(InputStreamReader.java:184) ~[?:1.7.0_45]
	at java.io.BufferedReader.fill(BufferedReader.java:154) ~[?:1.7.0_45]
	at java.io.BufferedReader.readLine(BufferedReader.java:317) ~[?:1.7.0_45]
	at java.io.BufferedReader.readLine(BufferedReader.java:382) ~[?:1.7.0_45]
	at main.java.com.kyleswebspace.dragonspires.server.DSpiresSocket.preLoginLoop(DSpiresSocket.java:231) [classes/:?]
	at main.java.com.kyleswebspace.dragonspires.server.DSpiresSocket.run(DSpiresSocket.java:129) [classes/:?]
Caused by: javax.net.ssl.SSLHandshakeException: no cipher suites in common
	at sun.security.ssl.Alerts.getSSLException(Alerts.java:192) ~[?:1.7.0_45]
	at sun.security.ssl.SSLSocketImpl.fatal(SSLSocketImpl.java:1884) ~[?:1.7.0_45]
	at sun.security.ssl.Handshaker.fatalSE(Handshaker.java:276) ~[?:1.7.0_45]
	at sun.security.ssl.Handshaker.fatalSE(Handshaker.java:266) ~[?:1.7.0_45]
	at sun.security.ssl.ServerHandshaker.chooseCipherSuite(ServerHandshaker.java:894) ~[?:1.7.0_45]
	at sun.security.ssl.ServerHandshaker.clientHello(ServerHandshaker.java:622) ~[?:1.7.0_45]
	at sun.security.ssl.ServerHandshaker.processMessage(ServerHandshaker.java:167) ~[?:1.7.0_45]
	at sun.security.ssl.Handshaker.processLoop(Handshaker.java:868) ~[?:1.7.0_45]
	at sun.security.ssl.Handshaker.process_record(Handshaker.java:804) ~[?:1.7.0_45]
	at sun.security.ssl.SSLSocketImpl.readRecord(SSLSocketImpl.java:1016) ~[?:1.7.0_45]
	at sun.security.ssl.SSLSocketImpl.performInitialHandshake(SSLSocketImpl.java:1312) ~[?:1.7.0_45]
	at sun.security.ssl.SSLSocketImpl.writeRecord(SSLSocketImpl.java:702) ~[?:1.7.0_45]
	at sun.security.ssl.AppOutputStream.write(AppOutputStream.java:122) ~[?:1.7.0_45]
	at sun.nio.cs.StreamEncoder.writeBytes(StreamEncoder.java:221) ~[?:1.7.0_45]
	at sun.nio.cs.StreamEncoder.implFlushBuffer(StreamEncoder.java:291) ~[?:1.7.0_45]
	at sun.nio.cs.StreamEncoder.implFlush(StreamEncoder.java:295) ~[?:1.7.0_45]
	at sun.nio.cs.StreamEncoder.flush(StreamEncoder.java:141) ~[?:1.7.0_45]
	at java.io.OutputStreamWriter.flush(OutputStreamWriter.java:229) ~[?:1.7.0_45]
	at java.io.BufferedWriter.flush(BufferedWriter.java:254) ~[?:1.7.0_45]
	at java.io.PrintWriter.newLine(PrintWriter.java:482) ~[?:1.7.0_45]
	at java.io.PrintWriter.println(PrintWriter.java:629) ~[?:1.7.0_45]
	at java.io.PrintWriter.println(PrintWriter.java:740) ~[?:1.7.0_45]
	at main.java.com.kyleswebspace.dragonspires.server.DSpiresSocket.pSend(DSpiresSocket.java:216) ~[classes/:?]
	at main.java.com.kyleswebspace.dragonspires.server.DSpiresSocket.startUp(DSpiresSocket.java:207) ~[classes/:?]
	at main.java.com.kyleswebspace.dragonspires.server.DSpiresSocket.run(DSpiresSocket.java:128) ~[classes/:?]
2013-11-23 10:28:08,408 DEBUG m.j.c.k.d.s.DSpiresSocket [Thread-87] Disonnected:  (/127.0.0.1) {ConnectionReset?}
2013-11-23 10:34:08,715 DEBUG m.j.c.k.d.s.DSpiresServer [Thread-2] Server started.
2013-11-23 10:35:07,096 DEBUG m.j.c.k.d.s.DSpiresServer [Thread-2] Server started.
2013-11-23 10:37:40,912 DEBUG m.j.c.k.d.s.DSpiresServer [Thread-2] Server started.
2013-11-23 10:43:41,043 DEBUG m.j.c.k.d.s.DSpiresServer [Thread-2] Server started.
2013-11-23 10:43:45,870 DEBUG m.j.c.k.d.s.DSpiresServer [Thread-2] Connected: /127.0.0.1
2013-11-23 10:43:45,993 ERROR m.j.c.k.d.s.DSpiresSocket [Thread-87] error
javax.net.ssl.SSLException: Connection has been shutdown: javax.net.ssl.SSLHandshakeException: Received fatal alert: certificate_unknown
	at sun.security.ssl.SSLSocketImpl.checkEOF(SSLSocketImpl.java:1476) ~[?:1.7.0_45]
	at sun.security.ssl.AppInputStream.read(AppInputStream.java:92) ~[?:1.7.0_45]
	at sun.nio.cs.StreamDecoder.readBytes(StreamDecoder.java:283) ~[?:1.7.0_45]
	at sun.nio.cs.StreamDecoder.implRead(StreamDecoder.java:325) ~[?:1.7.0_45]
	at sun.nio.cs.StreamDecoder.read(StreamDecoder.java:177) ~[?:1.7.0_45]
	at java.io.InputStreamReader.read(InputStreamReader.java:184) ~[?:1.7.0_45]
	at java.io.BufferedReader.fill(BufferedReader.java:154) ~[?:1.7.0_45]
	at java.io.BufferedReader.readLine(BufferedReader.java:317) ~[?:1.7.0_45]
	at java.io.BufferedReader.readLine(BufferedReader.java:382) ~[?:1.7.0_45]
	at main.java.com.kyleswebspace.dragonspires.server.DSpiresSocket.preLoginLoop(DSpiresSocket.java:231) [classes/:?]
	at main.java.com.kyleswebspace.dragonspires.server.DSpiresSocket.run(DSpiresSocket.java:129) [classes/:?]
Caused by: javax.net.ssl.SSLHandshakeException: Received fatal alert: certificate_unknown
	at sun.security.ssl.Alerts.getSSLException(Alerts.java:192) ~[?:1.7.0_45]
	at sun.security.ssl.Alerts.getSSLException(Alerts.java:154) ~[?:1.7.0_45]
	at sun.security.ssl.SSLSocketImpl.recvAlert(SSLSocketImpl.java:1959) ~[?:1.7.0_45]
	at sun.security.ssl.SSLSocketImpl.readRecord(SSLSocketImpl.java:1077) ~[?:1.7.0_45]
	at sun.security.ssl.SSLSocketImpl.performInitialHandshake(SSLSocketImpl.java:1312) ~[?:1.7.0_45]
	at sun.security.ssl.SSLSocketImpl.writeRecord(SSLSocketImpl.java:702) ~[?:1.7.0_45]
	at sun.security.ssl.AppOutputStream.write(AppOutputStream.java:122) ~[?:1.7.0_45]
	at sun.nio.cs.StreamEncoder.writeBytes(StreamEncoder.java:221) ~[?:1.7.0_45]
	at sun.nio.cs.StreamEncoder.implFlushBuffer(StreamEncoder.java:291) ~[?:1.7.0_45]
	at sun.nio.cs.StreamEncoder.implFlush(StreamEncoder.java:295) ~[?:1.7.0_45]
	at sun.nio.cs.StreamEncoder.flush(StreamEncoder.java:141) ~[?:1.7.0_45]
	at java.io.OutputStreamWriter.flush(OutputStreamWriter.java:229) ~[?:1.7.0_45]
	at java.io.BufferedWriter.flush(BufferedWriter.java:254) ~[?:1.7.0_45]
	at java.io.PrintWriter.newLine(PrintWriter.java:482) ~[?:1.7.0_45]
	at java.io.PrintWriter.println(PrintWriter.java:629) ~[?:1.7.0_45]
	at java.io.PrintWriter.println(PrintWriter.java:740) ~[?:1.7.0_45]
	at main.java.com.kyleswebspace.dragonspires.server.DSpiresSocket.pSend(DSpiresSocket.java:216) ~[classes/:?]
	at main.java.com.kyleswebspace.dragonspires.server.DSpiresSocket.startUp(DSpiresSocket.java:207) ~[classes/:?]
	at main.java.com.kyleswebspace.dragonspires.server.DSpiresSocket.run(DSpiresSocket.java:128) ~[classes/:?]
2013-11-23 10:43:45,999 DEBUG m.j.c.k.d.s.DSpiresSocket [Thread-87] Disonnected:  (/127.0.0.1) {ConnectionReset?}
2013-11-23 10:48:19,134 DEBUG m.j.c.k.d.s.DSpiresServer [Thread-2] Server started.
2013-11-23 10:48:20,546 DEBUG m.j.c.k.d.s.DSpiresServer [Thread-2] Connected: /127.0.0.1
2013-11-23 10:48:26,677 ERROR m.j.c.k.d.s.DSpiresSocket [Thread-87] error
javax.net.ssl.SSLException: Connection has been shutdown: javax.net.ssl.SSLException: Unrecognized SSL message, plaintext connection?
	at sun.security.ssl.SSLSocketImpl.checkEOF(SSLSocketImpl.java:1476) ~[?:1.7.0_45]
	at sun.security.ssl.AppInputStream.read(AppInputStream.java:92) ~[?:1.7.0_45]
	at sun.nio.cs.StreamDecoder.readBytes(StreamDecoder.java:283) ~[?:1.7.0_45]
	at sun.nio.cs.StreamDecoder.implRead(StreamDecoder.java:325) ~[?:1.7.0_45]
	at sun.nio.cs.StreamDecoder.read(StreamDecoder.java:177) ~[?:1.7.0_45]
	at java.io.InputStreamReader.read(InputStreamReader.java:184) ~[?:1.7.0_45]
	at java.io.BufferedReader.fill(BufferedReader.java:154) ~[?:1.7.0_45]
	at java.io.BufferedReader.readLine(BufferedReader.java:317) ~[?:1.7.0_45]
	at java.io.BufferedReader.readLine(BufferedReader.java:382) ~[?:1.7.0_45]
	at main.java.com.kyleswebspace.dragonspires.server.DSpiresSocket.preLoginLoop(DSpiresSocket.java:231) [classes/:?]
	at main.java.com.kyleswebspace.dragonspires.server.DSpiresSocket.run(DSpiresSocket.java:129) [classes/:?]
Caused by: javax.net.ssl.SSLException: Unrecognized SSL message, plaintext connection?
	at sun.security.ssl.InputRecord.handleUnknownRecord(InputRecord.java:671) ~[?:1.7.0_45]
	at sun.security.ssl.InputRecord.read(InputRecord.java:504) ~[?:1.7.0_45]
	at sun.security.ssl.SSLSocketImpl.readRecord(SSLSocketImpl.java:927) ~[?:1.7.0_45]
	at sun.security.ssl.SSLSocketImpl.performInitialHandshake(SSLSocketImpl.java:1312) ~[?:1.7.0_45]
	at sun.security.ssl.SSLSocketImpl.writeRecord(SSLSocketImpl.java:702) ~[?:1.7.0_45]
	at sun.security.ssl.AppOutputStream.write(AppOutputStream.java:122) ~[?:1.7.0_45]
	at sun.nio.cs.StreamEncoder.writeBytes(StreamEncoder.java:221) ~[?:1.7.0_45]
	at sun.nio.cs.StreamEncoder.implFlushBuffer(StreamEncoder.java:291) ~[?:1.7.0_45]
	at sun.nio.cs.StreamEncoder.implFlush(StreamEncoder.java:295) ~[?:1.7.0_45]
	at sun.nio.cs.StreamEncoder.flush(StreamEncoder.java:141) ~[?:1.7.0_45]
	at java.io.OutputStreamWriter.flush(OutputStreamWriter.java:229) ~[?:1.7.0_45]
	at java.io.BufferedWriter.flush(BufferedWriter.java:254) ~[?:1.7.0_45]
	at java.io.PrintWriter.newLine(PrintWriter.java:482) ~[?:1.7.0_45]
	at java.io.PrintWriter.println(PrintWriter.java:629) ~[?:1.7.0_45]
	at java.io.PrintWriter.println(PrintWriter.java:740) ~[?:1.7.0_45]
	at main.java.com.kyleswebspace.dragonspires.server.DSpiresSocket.pSend(DSpiresSocket.java:216) ~[classes/:?]
	at main.java.com.kyleswebspace.dragonspires.server.DSpiresSocket.startUp(DSpiresSocket.java:207) ~[classes/:?]
	at main.java.com.kyleswebspace.dragonspires.server.DSpiresSocket.run(DSpiresSocket.java:128) ~[classes/:?]
2013-11-23 10:48:26,695 DEBUG m.j.c.k.d.s.DSpiresSocket [Thread-87] Disonnected:  (/127.0.0.1) {ConnectionReset?}
2013-11-23 10:50:22,904 DEBUG m.j.c.k.d.s.DSpiresServer [Thread-2] Server started.
2013-11-23 10:50:24,429 DEBUG m.j.c.k.d.s.DSpiresServer [Thread-2] Connected: /127.0.0.1
2013-11-23 10:50:30,324 DEBUG m.j.c.k.d.s.DSpiresSocket [Thread-87] Logged in: NightBlade (/127.0.0.1)
2013-11-23 10:51:16,140 DEBUG m.j.c.k.d.s.DSpiresSocket [Thread-87] Disonnected: NightBlade (/127.0.0.1) {Quit}
